Traceback (most recent call last):
  File "c:\users\mulaab\miniconda3\lib\site-packages\jupyter_cache\executors\utils.py", line 56, in single_nb_execution
    record_timing=False,
  File "c:\users\mulaab\miniconda3\lib\site-packages\nbclient\client.py", line 1204, in execute
    return NotebookClient(nb=nb, resources=resources, km=km, **kwargs).execute()
  File "c:\users\mulaab\miniconda3\lib\site-packages\nbclient\util.py", line 84, in wrapped
    return just_run(coro(*args, **kwargs))
  File "c:\users\mulaab\miniconda3\lib\site-packages\nbclient\util.py", line 62, in just_run
    return loop.run_until_complete(coro)
  File "c:\users\mulaab\miniconda3\lib\asyncio\base_events.py", line 583, in run_until_complete
    return future.result()
  File "c:\users\mulaab\miniconda3\lib\site-packages\nbclient\client.py", line 664, in async_execute
    cell, index, execution_count=self.code_cells_executed + 1
  File "c:\users\mulaab\miniconda3\lib\site-packages\nbclient\client.py", line 965, in async_execute_cell
    await self._check_raise_for_error(cell, cell_index, exec_reply)
  File "c:\users\mulaab\miniconda3\lib\site-packages\nbclient\client.py", line 862, in _check_raise_for_error
    raise CellExecutionError.from_cell_and_msg(cell, exec_reply_content)
nbclient.exceptions.CellExecutionError: An error occurred while executing the following cell:
------------------

f <- function(x){sqrt(2/(x - 1))*gamma(x/2)/gamma((x - 1)/2)}
p <- ggplot(data.frame(x = c(2, 50)), aes(x = x))
p + stat_function(fun = f) +
   labs(x = "n", y = expression(frac(sqrt(2)*phantom(0)*Gamma*
      bgroup("(",frac(n, 2),")"), sqrt(n - 1)*phantom(0)*Gamma*
      bgroup("(",frac(n - 1, 2),")")))) +
   geom_hline(yintercept = 1, lty = "dashed") +
   theme_bw()

------------------

Error in ggplot(data.frame(x = c(2, 50)), aes(x = x)): could not find function "ggplot"
Traceback:

ERROR: Error in ggplot(data.frame(x = c(2, 50)), aes(x = x)): could not find function "ggplot"


