Traceback (most recent call last):
  File "c:\users\mulaab\miniconda3\lib\site-packages\jupyter_cache\executors\utils.py", line 56, in single_nb_execution
    record_timing=False,
  File "c:\users\mulaab\miniconda3\lib\site-packages\nbclient\client.py", line 1204, in execute
    return NotebookClient(nb=nb, resources=resources, km=km, **kwargs).execute()
  File "c:\users\mulaab\miniconda3\lib\site-packages\nbclient\util.py", line 84, in wrapped
    return just_run(coro(*args, **kwargs))
  File "c:\users\mulaab\miniconda3\lib\site-packages\nbclient\util.py", line 62, in just_run
    return loop.run_until_complete(coro)
  File "c:\users\mulaab\miniconda3\lib\asyncio\base_events.py", line 583, in run_until_complete
    return future.result()
  File "c:\users\mulaab\miniconda3\lib\site-packages\nbclient\client.py", line 664, in async_execute
    cell, index, execution_count=self.code_cells_executed + 1
  File "c:\users\mulaab\miniconda3\lib\site-packages\nbclient\client.py", line 965, in async_execute_cell
    await self._check_raise_for_error(cell, cell_index, exec_reply)
  File "c:\users\mulaab\miniconda3\lib\site-packages\nbclient\client.py", line 862, in _check_raise_for_error
    raise CellExecutionError.from_cell_and_msg(cell, exec_reply_content)
nbclient.exceptions.CellExecutionError: An error occurred while executing the following cell:
------------------
library("magrittr")
df <-  select(iris, Petal.Length, Species) %>% filter(Species == "setosa")
ggplot(data = df, aes(x = Petal.Length, fill = Species)) + geom_histogram(binwidth = 0.1) + geom_vline(aes(xintercept = 1.462, linetype = "mean"))  + geom_vline(aes(xintercept = 1.114672, linetype = "mean - 2sd")) + scale_linetype_manual(values = c(1, 10), name = "Sample stats") + xlab("Petal Length [cm]") + ylab("Count") + theme_ur

------------------

Error in select(iris, Petal.Length, Species): could not find function "select"
Traceback:

1. select(iris, Petal.Length, Species) %>% filter(Species == "setosa")
2. filter(., Species == "setosa")
3. as.ts(x)
ERROR: Error in select(iris, Petal.Length, Species): could not find function "select"


